Sun Oct 22 2017 21:06:31 GMT-0700 (PDT): GET /about
Sun Oct 22 2017 21:06:32 GMT-0700 (PDT): GET /
Sun Oct 22 2017 21:06:33 GMT-0700 (PDT): GET /favicon.ico
Sun Oct 22 2017 21:06:33 GMT-0700 (PDT): GET /
Sun Oct 22 2017 21:06:34 GMT-0700 (PDT): GET /about
Sun Oct 22 2017 21:06:35 GMT-0700 (PDT): GET /
Sun Oct 22 2017 21:06:36 GMT-0700 (PDT): GET /about
Sun Oct 22 2017 21:06:36 GMT-0700 (PDT): GET /
Sun Oct 22 2017 21:11:17 GMT-0700 (PDT): GET /
Sun Oct 22 2017 21:11:18 GMT-0700 (PDT): GET /favicon.ico
Sun Oct 22 2017 21:16:49 GMT-0700 (PDT): GET /help.html
Sun Oct 22 2017 21:16:50 GMT-0700 (PDT): GET /favicon.ico
Tue Oct 24 2017 11:38:14 GMT-0700 (PDT): GET /
Tue Oct 24 2017 11:38:15 GMT-0700 (PDT): GET /favicon.ico
Tue Oct 24 2017 11:51:20 GMT-0700 (PDT): GET /
Tue Oct 24 2017 11:51:21 GMT-0700 (PDT): GET /favicon.ico
Tue Oct 24 2017 12:12:26 GMT-0700 (PDT): GET /
Tue Oct 24 2017 12:12:27 GMT-0700 (PDT): GET /favicon.ico
Tue Oct 24 2017 12:13:43 GMT-0700 (PDT): GET /
Tue Oct 24 2017 12:13:44 GMT-0700 (PDT): GET /favicon.ico
Tue Oct 24 2017 12:13:54 GMT-0700 (PDT): GET /
Tue Oct 24 2017 12:13:55 GMT-0700 (PDT): GET /favicon.ico
